  BlurUtility.cpp
D:\Uni\USW_Year_3\Real-Time Rendering Techniques p2\30005209\Source\BlurUtility.cpp(102,34): error C2872: 'Model': ambiguous symbol
D:\Uni\USW_Year_3\Real-Time Rendering Techniques p2\30005209\Source\BlurUtility.h(3,7): message : could be 'Model'
D:\Uni\USW_Year_3\Real-Time Rendering Techniques p2\30005209\packages\directxtk_desktop_win10.2022.3.1.1\include\Model.h(217,11): message : or       'DirectX::Model'
D:\Uni\USW_Year_3\Real-Time Rendering Techniques p2\30005209\Source\BlurUtility.cpp(133,40): warning C4244: '=': conversion from 'FLOAT' to 'INT', possible loss of data
D:\Uni\USW_Year_3\Real-Time Rendering Techniques p2\30005209\Source\BlurUtility.cpp(134,41): warning C4244: '=': conversion from 'FLOAT' to 'INT', possible loss of data
D:\Uni\USW_Year_3\Real-Time Rendering Techniques p2\30005209\Source\BlurUtility.cpp(148,24): error C2027: use of undefined type 'Model'
D:\Uni\USW_Year_3\Real-Time Rendering Techniques p2\30005209\Source\BlurUtility.h(3): message : see declaration of 'Model'
D:\Uni\USW_Year_3\Real-Time Rendering Techniques p2\30005209\Source\BlurUtility.cpp(149,6): error C2027: use of undefined type 'Model'
D:\Uni\USW_Year_3\Real-Time Rendering Techniques p2\30005209\Source\BlurUtility.h(3): message : see declaration of 'Model'
D:\Uni\USW_Year_3\Real-Time Rendering Techniques p2\30005209\Source\BlurUtility.cpp(149,51): warning C4305: 'argument': truncation from 'double' to 'float'
D:\Uni\USW_Year_3\Real-Time Rendering Techniques p2\30005209\Source\BlurUtility.cpp(150,6): error C2027: use of undefined type 'Model'
D:\Uni\USW_Year_3\Real-Time Rendering Techniques p2\30005209\Source\BlurUtility.h(3): message : see declaration of 'Model'
D:\Uni\USW_Year_3\Real-Time Rendering Techniques p2\30005209\Source\BlurUtility.cpp(151,6): error C2027: use of undefined type 'Model'
D:\Uni\USW_Year_3\Real-Time Rendering Techniques p2\30005209\Source\BlurUtility.h(3): message : see declaration of 'Model'
D:\Uni\USW_Year_3\Real-Time Rendering Techniques p2\30005209\Source\BlurUtility.cpp(152,6): error C2027: use of undefined type 'Model'
D:\Uni\USW_Year_3\Real-Time Rendering Techniques p2\30005209\Source\BlurUtility.h(3): message : see declaration of 'Model'
D:\Uni\USW_Year_3\Real-Time Rendering Techniques p2\30005209\Source\BlurUtility.cpp(153,6): error C2027: use of undefined type 'Model'
D:\Uni\USW_Year_3\Real-Time Rendering Techniques p2\30005209\Source\BlurUtility.h(3): message : see declaration of 'Model'
D:\Uni\USW_Year_3\Real-Time Rendering Techniques p2\30005209\Source\BlurUtility.cpp(157,48): warning C4244: '=': conversion from 'FLOAT' to 'INT', possible loss of data
D:\Uni\USW_Year_3\Real-Time Rendering Techniques p2\30005209\Source\BlurUtility.cpp(158,49): warning C4244: '=': conversion from 'FLOAT' to 'INT', possible loss of data
D:\Uni\USW_Year_3\Real-Time Rendering Techniques p2\30005209\Source\BlurUtility.cpp(231,28): warning C4244: '=': conversion from 'int' to 'FLOAT', possible loss of data
D:\Uni\USW_Year_3\Real-Time Rendering Techniques p2\30005209\Source\BlurUtility.cpp(232,29): warning C4244: '=': conversion from 'int' to 'FLOAT', possible loss of data
  Scene.cpp
D:\Uni\USW_Year_3\Real-Time Rendering Techniques p2\30005209\Source\Scene.cpp(200,50): warning C4305: 'argument': truncation from 'double' to 'float'
D:\Uni\USW_Year_3\Real-Time Rendering Techniques p2\30005209\Source\Scene.cpp(243,129): warning C4244: 'argument': conversion from 'double' to 'float', possible loss of data
D:\Uni\USW_Year_3\Real-Time Rendering Techniques p2\30005209\Source\Scene.cpp(243,105): warning C4244: 'argument': conversion from 'double' to 'float', possible loss of data
D:\Uni\USW_Year_3\Real-Time Rendering Techniques p2\30005209\Source\Scene.cpp(243,81): warning C4244: 'argument': conversion from 'double' to 'float', possible loss of data
D:\Uni\USW_Year_3\Real-Time Rendering Techniques p2\30005209\Source\Scene.cpp(245,129): warning C4244: 'argument': conversion from 'double' to 'float', possible loss of data
D:\Uni\USW_Year_3\Real-Time Rendering Techniques p2\30005209\Source\Scene.cpp(245,105): warning C4244: 'argument': conversion from 'double' to 'float', possible loss of data
D:\Uni\USW_Year_3\Real-Time Rendering Techniques p2\30005209\Source\Scene.cpp(245,81): warning C4244: 'argument': conversion from 'double' to 'float', possible loss of data
D:\Uni\USW_Year_3\Real-Time Rendering Techniques p2\30005209\Source\Scene.cpp(266,61): warning C4305: 'argument': truncation from 'double' to 'float'
D:\Uni\USW_Year_3\Real-Time Rendering Techniques p2\30005209\Source\Scene.cpp(267,61): warning C4305: 'argument': truncation from 'double' to 'float'
D:\Uni\USW_Year_3\Real-Time Rendering Techniques p2\30005209\Source\Scene.cpp(327,65): warning C4244: 'argument': conversion from 'double' to 'float', possible loss of data
D:\Uni\USW_Year_3\Real-Time Rendering Techniques p2\30005209\Source\Scene.cpp(336,26): warning C4244: '=': conversion from 'double' to 'FLOAT', possible loss of data
D:\Uni\USW_Year_3\Real-Time Rendering Techniques p2\30005209\Source\Scene.cpp(438,25): warning C4244: 'argument': conversion from 'double' to 'float', possible loss of data
  main.cpp
  Generating Code...
