y:\documents\year 3\graphics2\cs3s664_2\debug\dx11proj.pch
y:\documents\year 3\graphics2\cs3s664_2\debug\vc142.pdb
y:\documents\year 3\graphics2\cs3s664_2\debug\vc142.idb
y:\documents\year 3\graphics2\cs3s664_2\debug\stdafx.obj
y:\documents\year 3\graphics2\cs3s664_2\debug\mesh.obj
y:\documents\year 3\graphics2\cs3s664_2\debug\material.obj
y:\documents\year 3\graphics2\cs3s664_2\debug\main.obj
y:\documents\year 3\graphics2\cs3s664_2\debug\gumemory.obj
y:\documents\year 3\graphics2\cs3s664_2\debug\cgdclock.obj
y:\documents\year 3\graphics2\cs3s664_2\debug\system.obj
y:\documents\year 3\graphics2\cs3s664_2\debug\scene.obj
y:\documents\year 3\graphics2\cs3s664_2\debug\quad.obj
y:\documents\year 3\graphics2\cs3s664_2\debug\particlesystem.obj
y:\documents\year 3\graphics2\cs3s664_2\debug\model.obj
y:\documents\year 3\graphics2\cs3s664_2\debug\grid.obj
y:\documents\year 3\graphics2\cs3s664_2\debug\flare.obj
y:\documents\year 3\graphics2\cs3s664_2\debug\firstpersoncamera.obj
y:\documents\year 3\graphics2\cs3s664_2\debug\cgdconsole.obj
y:\documents\year 3\graphics2\cs3s664_2\debug\effect.obj
y:\documents\year 3\graphics2\cs3s664_2\debug\camera.obj
y:\documents\year 3\graphics2\cs3s664_2\debug\box.obj
y:\documents\year 3\graphics2\cs3s664_2\debug\blurutility.obj
y:\documents\year 3\graphics2\cs3s664_2\debug\basemodel.obj
y:\documents\year 3\graphics2\cs3s664_2\debug\animation.obj
y:\documents\year 3\graphics2\cs3s664_2\debug\utils.obj
y:\documents\year 3\graphics2\cs3s664_2\debug\triangle.obj
y:\documents\year 3\graphics2\cs3s664_2\debug\texture.obj
y:\documents\year 3\graphics2\cs3s664_2\debug\terrain.obj
y:\documents\year 3\graphics2\cs3s664_2\shaders\cso\sky_box_vs.cso
y:\documents\year 3\graphics2\cs3s664_2\shaders\cso\basic_lighting_vs.cso
y:\documents\year 3\graphics2\cs3s664_2\debug\dx11proj.exe
y:\documents\year 3\graphics2\cs3s664_2\debug\dx11proj.ilk
y:\documents\year 3\graphics2\cs3s664_2\debug\dx11proj.pdb
y:\documents\year 3\graphics2\cs3s664_2\debug\dx11proj.tlog\cl.command.1.tlog
y:\documents\year 3\graphics2\cs3s664_2\debug\dx11proj.tlog\cl.read.1.tlog
y:\documents\year 3\graphics2\cs3s664_2\debug\dx11proj.tlog\cl.write.1.tlog
y:\documents\year 3\graphics2\cs3s664_2\debug\dx11proj.tlog\fxc.command.1.tlog
y:\documents\year 3\graphics2\cs3s664_2\debug\dx11proj.tlog\fxc.read.1.tlog
y:\documents\year 3\graphics2\cs3s664_2\debug\dx11proj.tlog\fxc.write.1.tlog
y:\documents\year 3\graphics2\cs3s664_2\debug\dx11proj.tlog\link.command.1.tlog
y:\documents\year 3\graphics2\cs3s664_2\debug\dx11proj.tlog\link.delete.1.tlog
y:\documents\year 3\graphics2\cs3s664_2\debug\dx11proj.tlog\link.read.1.tlog
y:\documents\year 3\graphics2\cs3s664_2\debug\dx11proj.tlog\link.write.1.tlog
